09.10.2013 10:42:048;9;44
09.10.2013 10:42:050;3;38
09.10.2013 10:42:051;3;77
09.10.2013 10:42:052;5;95
09.10.2013 10:42:055;5;93
09.10.2013 10:42:058;5;33
09.10.2013 10:43:000;3;33
09.10.2013 10:43:002;3;34
09.10.2013 10:43:005;8;66
09.10.2013 10:43:007;3;1
09.10.2013 10:43:010;10;84
09.10.2013 10:43:011;9;57
09.10.2013 10:43:013;3;17
09.10.2013 10:43:014;5;63
09.10.2013 10:43:017;7;46
09.10.2013 10:43:019;8;63
09.10.2013 10:43:021;1;43
09.10.2013 10:46:059;1;59
09.10.2013 10:47:001;3;96
09.10.2013 10:47:003;1;14
09.10.2013 10:47:004;6;62
09.10.2013 10:47:007;4;33
09.10.2013 10:47:008;7;23
09.10.2013 10:47:011;5;24
09.10.2013 10:47:013;6;14
09.10.2013 10:47:016;10;20
09.10.2013 10:47:019;9;47
09.10.2013 10:47:020;9;91
09.10.2013 10:47:021;3;0
09.10.2013 10:47:022;1;98
09.10.2013 10:47:024;1;60
09.10.2013 10:47:026;8;73
09.10.2013 10:47:027;10;89
09.10.2013 10:47:028;3;64
09.10.2013 10:47:030;3;47
09.10.2013 10:47:033;2;8
09.10.2013 10:47:034;5;14
09.10.2013 10:50:057;9;53
09.10.2013 10:50:058;2;4
09.10.2013 10:50:059;3;64
09.10.2013 10:51:000;7;49
09.10.2013 10:51:001;2;33
09.10.2013 10:51:003;6;56
09.10.2013 10:51:006;10;88
09.10.2013 10:51:007;5;71
09.10.2013 10:51:010;8;4
09.10.2013 10:51:013;10;99
