08.10.2013 10:47:037;7;64
08.10.2013 10:47:038;7;71
08.10.2013 10:47:040;9;36
08.10.2013 10:47:042;6;72
08.10.2013 10:47:043;5;15
08.10.2013 10:47:044;1;66
08.10.2013 10:47:046;8;56
08.10.2013 10:47:049;8;93
08.10.2013 10:47:050;5;1
08.10.2013 10:47:052;5;68
08.10.2013 10:47:054;2;75
08.10.2013 10:47:057;10;61
08.10.2013 10:47:059;4;46
08.10.2013 10:48:002;8;62
08.10.2013 10:48:003;4;44
08.10.2013 10:48:004;5;68
08.10.2013 10:48:006;9;80
08.10.2013 10:48:007;5;44
08.10.2013 10:48:009;3;68
08.10.2013 10:48:011;7;67
